<?xml version="1.0" encoding="UTF-8"?>
<!-- Generated by org.testng.reporters.JUnitXMLReporter -->
<testsuite hostname="LTPI0006" ignored="0" name="Testing" tests="3" failures="0" timestamp="18 Feb 2021 11:24:57 GMT" time="144.135" errors="0">
  <testcase name="verifyPropertiesDescendingOrder" time="20.887" classname="com.zoopla.test.ForSalePageTest"/>
  <testcase name="verifyHomePageTitleTest" time="0.028" classname="com.zoopla.test.HomePageTest"/>
  <testcase name="verifyLocationSearchTest" time="26.626" classname="com.zoopla.test.HomePageTest"/>
</testsuite> <!-- Testing -->
