<?xml version="1.0" encoding="UTF-8"?>
<testng-results skipped="0" failed="0" ignored="0" total="3" passed="3">
  <reporter-output>
  </reporter-output>
  <suite name="Suite" duration-ms="144135" started-at="2021-02-18T11:22:32Z" finished-at="2021-02-18T11:24:56Z">
    <groups>
    </groups>
    <test name="Testing" duration-ms="144135" started-at="2021-02-18T11:22:32Z" finished-at="2021-02-18T11:24:56Z">
      <class name="com.zoopla.test.HomePageTest">
        <test-method status="PASS" signature="setUp()[pri:0, instance:com.zoopla.test.HomePageTest@7d9d1a19]" name="setUp" is-config="true" duration-ms="27706" started-at="2021-02-18T11:23:29Z" finished-at="2021-02-18T11:23:57Z">
          <reporter-output>
          </reporter-output>
        </test-method> <!-- setUp -->
        <test-method status="PASS" signature="verifyHomePageTitleTest()[pri:1, instance:com.zoopla.test.HomePageTest@7d9d1a19]" name="verifyHomePageTitleTest" duration-ms="28" started-at="2021-02-18T11:23:57Z" finished-at="2021-02-18T11:23:57Z">
          <reporter-output>
          </reporter-output>
        </test-method> <!-- verifyHomePageTitleTest -->
        <test-method status="PASS" signature="quit()[pri:0, instance:com.zoopla.test.HomePageTest@7d9d1a19]" name="quit" is-config="true" duration-ms="913" started-at="2021-02-18T11:23:57Z" finished-at="2021-02-18T11:23:58Z">
          <reporter-output>
          </reporter-output>
        </test-method> <!-- quit -->
        <test-method status="PASS" signature="setUp()[pri:0, instance:com.zoopla.test.HomePageTest@7d9d1a19]" name="setUp" is-config="true" duration-ms="31434" started-at="2021-02-18T11:23:58Z" finished-at="2021-02-18T11:24:29Z">
          <reporter-output>
          </reporter-output>
        </test-method> <!-- setUp -->
        <test-method status="PASS" signature="verifyLocationSearchTest()[pri:2, instance:com.zoopla.test.HomePageTest@7d9d1a19]" name="verifyLocationSearchTest" duration-ms="26626" started-at="2021-02-18T11:24:29Z" finished-at="2021-02-18T11:24:56Z">
          <reporter-output>
          </reporter-output>
        </test-method> <!-- verifyLocationSearchTest -->
        <test-method status="PASS" signature="quit()[pri:0, instance:com.zoopla.test.HomePageTest@7d9d1a19]" name="quit" is-config="true" duration-ms="854" started-at="2021-02-18T11:24:56Z" finished-at="2021-02-18T11:24:56Z">
          <reporter-output>
          </reporter-output>
        </test-method> <!-- quit -->
      </class> <!-- com.zoopla.test.HomePageTest -->
      <class name="com.zoopla.test.ForSalePageTest">
        <test-method status="PASS" signature="set()[pri:0, instance:com.zoopla.test.ForSalePageTest@39c0f4a]" name="set" is-config="true" duration-ms="34587" started-at="2021-02-18T11:22:32Z" finished-at="2021-02-18T11:23:07Z">
          <reporter-output>
          </reporter-output>
        </test-method> <!-- set -->
        <test-method status="PASS" signature="verifyPropertiesDescendingOrder()[pri:0, instance:com.zoopla.test.ForSalePageTest@39c0f4a]" name="verifyPropertiesDescendingOrder" duration-ms="20887" started-at="2021-02-18T11:23:07Z" finished-at="2021-02-18T11:23:28Z">
          <reporter-output>
          </reporter-output>
        </test-method> <!-- verifyPropertiesDescendingOrder -->
        <test-method status="PASS" signature="quit()[pri:0, instance:com.zoopla.test.ForSalePageTest@39c0f4a]" name="quit" is-config="true" duration-ms="1036" started-at="2021-02-18T11:23:28Z" finished-at="2021-02-18T11:23:29Z">
          <reporter-output>
          </reporter-output>
        </test-method> <!-- quit -->
      </class> <!-- com.zoopla.test.ForSalePageTest -->
    </test> <!-- Testing -->
  </suite> <!-- Suite -->
</testng-results>
